<?xml version="1.0" encoding="UTF-8"?>
<!-- Generated by org.testng.reporters.JUnitXMLReporter -->
<testsuite ignored="0" hostname="LIN24008270" failures="0" tests="3" name="Default test" time="10.533" errors="0" timestamp="2023-06-27T17:37:29 IST">
  <testcase classname="testCases.TC_03_Login_DDT" name="loginDDT" time="2.088"/>
  <testcase classname="testCases.TC_03_Login_DDT" name="loginDDT" time="0.973"/>
  <testcase classname="testCases.TC_03_Login_DDT" name="loginDDT" time="0.959"/>
</testsuite> <!-- Default test -->
