<?xml version="1.0" encoding="UTF-8"?>
<!-- Generated by org.testng.reporters.JUnitXMLReporter -->
<testsuite ignored="2" hostname="LIN24008270" failures="0" tests="2" name="Test" time="31.553" errors="0" timestamp="2023-06-28T10:40:03 IST">
  <testcase classname="testCases.TC_01_Ac_Register" name="testRegister" time="20.383"/>
  <testcase classname="testCases.TC_02_Ac_loginTest" name="loginTestTest" time="2.11"/>
  <testcase classname="testCases.Baseclass" name="@BeforeTest setUpBrowser" time="0.0">
    <ignored/>
  </testcase> <!-- @BeforeTest setUpBrowser -->
  <testcase classname="testCases.Baseclass" name="@AfterTest quit" time="0.0">
    <ignored/>
  </testcase> <!-- @AfterTest quit -->
</testsuite> <!-- Test -->
