<?xml version="1.0" encoding="UTF-8"?>
<!-- Generated by org.testng.reporters.JUnitXMLReporter -->
<testsuite ignored="0" hostname="LIN24008270" failures="0" tests="1" name="firefoxTest" time="85.801" errors="0" timestamp="2023-06-26T11:02:01 IST">
  <testcase classname="testCases.Baseclass" name="@BeforeTest setUpBrowser" time="85.792">
    <failure type="org.openqa.selenium.remote.NoSuchDriverException" message="Unable to obtain: Capabilities {acceptInsecureCerts: true, browserName: firefox, moz:debuggerAddress: true, moz:firefoxOptions: {}}">
      <![CDATA[org.openqa.selenium.remote.NoSuchDriverException: Unable to obtain: Capabilities {acceptInsecureCerts: true, browserName: firefox, moz:debuggerAddress: true, moz:firefoxOptions: {}}
at org.openqa.selenium.remote.service.DriverFinder.getPath(DriverFinder.java:29)
at org.openqa.selenium.firefox.FirefoxDriver.generateExecutor(FirefoxDriver.java:139)
at org.openqa.selenium.firefox.FirefoxDriver.<init>(FirefoxDriver.java:130)
at org.openqa.selenium.firefox.FirefoxDriver.<init>(FirefoxDriver.java:125)
at org.openqa.selenium.firefox.FirefoxDriver.<init>(FirefoxDriver.java:110)
at org.openqa.selenium.firefox.FirefoxDriver.<init>(FirefoxDriver.java:100)
at testCases.Baseclass.setUpBrowser(Baseclass.java:39)
Caused by: org.openqa.selenium.WebDriverException: Unsuccessful command executed: [C:\Users\MGANGA\AppData\Local\Temp\selenium-manager8705877586374007617887206284961969\selenium-manager.exe, --browser, firefox, --output, json]
error sending request for url (https://objects.githubusercontent.com/github-production-release-asset-2e65be/25354393/262910cf-b449-4db7-b4d9-e3de9b30d70a?X-Amz-Algorithm=AWS4-HMAC-SHA256&X-Amz-Credential=AKIAIWNJYAX4CSVEH53A%2F20230626%2Fus-east-1%2Fs3%2Faws4_request&X-Amz-Date=20230626T053037Z&X-Amz-Expires=300&X-Amz-Signature=de7c1656df843ec54c9919ecf6fa81017e45d4dd55023bcb82809fd394e490e7&X-Amz-SignedHeaders=host&actor_id=0&key_id=0&repo_id=25354393&response-content-disposition=attachment%3B%20filename%3Dgeckodriver-v0.33.0-win64.zip&response-content-type=application%2Foctet-stream): error trying to connect: tcp connect error: A connection attempt failed because the connected party did not properly respond after a period of time, or established connection failed because connected host has failed to respond. (os error 10060)
Build info: version: '4.10.0', revision: 'c14d967899'
System info: os.name: 'Windows 11', os.arch: 'amd64', os.version: '10.0', java.version: '17.0.2'
Driver info: driver.version: FirefoxDriver
at org.openqa.selenium.manager.SeleniumManager.runCommand(SeleniumManager.java:130)
at org.openqa.selenium.manager.SeleniumManager.getDriverPath(SeleniumManager.java:251)
at org.openqa.selenium.remote.service.DriverFinder.getPath(DriverFinder.java:27)
... 30 more
... Removed 24 stack frames]]>
    </failure>
  </testcase> <!-- @BeforeTest setUpBrowser -->
  <testcase classname="testCases.Baseclass" name="@AfterTest quit" time="-1.687757521434E9">
    <skipped/>
  </testcase> <!-- @AfterTest quit -->
  <testcase classname="testCases.TC_02_Ac_loginTest" name="loginTestTest" time="0.0">
    <skipped/>
  </testcase> <!-- loginTestTest -->
</testsuite> <!-- firefoxTest -->
