<?xml version="1.0" encoding="UTF-8"?>
<testng-results ignored="0" total="1" passed="1" failed="0" skipped="0">
  <reporter-output>
  </reporter-output>
  <suite started-at="2023-06-28T12:23:00 IST" name="Suite" finished-at="2023-06-28T12:23:13 IST" duration-ms="13178">
    <groups>
      <group name="Master">
        <method signature="TC_02_Ac_loginTest.loginTestTest()[pri:0, instance:testCases.TC_02_Ac_loginTest@57a3af25]" name="loginTestTest" class="testCases.TC_02_Ac_loginTest"/>
      </group> <!-- Master -->
      <group name="Regression">
        <method signature="TC_02_Ac_loginTest.loginTestTest()[pri:0, instance:testCases.TC_02_Ac_loginTest@57a3af25]" name="loginTestTest" class="testCases.TC_02_Ac_loginTest"/>
      </group> <!-- Regression -->
    </groups>
    <test started-at="2023-06-28T12:23:00 IST" name="Test" finished-at="2023-06-28T12:23:13 IST" duration-ms="13178">
      <class name="testCases.TC_02_Ac_loginTest">
        <test-method is-config="true" signature="setUpBrowser()[pri:0, instance:testCases.TC_02_Ac_loginTest@57a3af25]" started-at="2023-06-28T12:23:00 IST" name="setUpBrowser" finished-at="2023-06-28T12:23:10 IST" duration-ms="9418" status="PASS">
          <reporter-output>
          </reporter-output>
        </test-method> <!-- setUpBrowser -->
        <test-method signature="loginTestTest()[pri:0, instance:testCases.TC_02_Ac_loginTest@57a3af25]" started-at="2023-06-28T12:23:10 IST" name="loginTestTest" finished-at="2023-06-28T12:23:13 IST" duration-ms="3375" status="PASS">
          <reporter-output>
          </reporter-output>
        </test-method> <!-- loginTestTest -->
        <test-method is-config="true" signature="quit()[pri:0, instance:testCases.TC_02_Ac_loginTest@57a3af25]" started-at="2023-06-28T12:23:13 IST" name="quit" finished-at="2023-06-28T12:23:13 IST" duration-ms="2" status="PASS">
          <reporter-output>
          </reporter-output>
        </test-method> <!-- quit -->
      </class> <!-- testCases.TC_02_Ac_loginTest -->
    </test> <!-- Test -->
  </suite> <!-- Suite -->
</testng-results>
