<?xml version="1.0" encoding="UTF-8"?>
<testng-results ignored="2" total="4" passed="2" failed="0" skipped="0">
  <reporter-output>
  </reporter-output>
  <suite started-at="2023-06-28T10:39:31 IST" name="Suite" finished-at="2023-06-28T10:40:02 IST" duration-ms="31553">
    <groups>
      <group name="Master">
        <method signature="TC_01_Ac_Register.testRegister()[pri:0, instance:testCases.TC_01_Ac_Register@6fdbe764]" name="testRegister" class="testCases.TC_01_Ac_Register"/>
        <method signature="TC_02_Ac_loginTest.loginTestTest()[pri:0, instance:testCases.TC_02_Ac_loginTest@5824a83d]" name="loginTestTest" class="testCases.TC_02_Ac_loginTest"/>
      </group> <!-- Master -->
      <group name="Sanity">
        <method signature="TC_01_Ac_Register.testRegister()[pri:0, instance:testCases.TC_01_Ac_Register@6fdbe764]" name="testRegister" class="testCases.TC_01_Ac_Register"/>
      </group> <!-- Sanity -->
      <group name="Regression">
        <method signature="TC_02_Ac_loginTest.loginTestTest()[pri:0, instance:testCases.TC_02_Ac_loginTest@5824a83d]" name="loginTestTest" class="testCases.TC_02_Ac_loginTest"/>
      </group> <!-- Regression -->
    </groups>
    <test started-at="2023-06-28T10:39:31 IST" name="Test" finished-at="2023-06-28T10:40:02 IST" duration-ms="31553">
      <class name="testCases.TC_02_Ac_loginTest">
        <test-method signature="loginTestTest()[pri:0, instance:testCases.TC_02_Ac_loginTest@5824a83d]" started-at="2023-06-28T10:40:00 IST" name="loginTestTest" finished-at="2023-06-28T10:40:02 IST" duration-ms="2110" status="PASS">
          <reporter-output>
          </reporter-output>
        </test-method> <!-- loginTestTest -->
      </class> <!-- testCases.TC_02_Ac_loginTest -->
      <class name="testCases.TC_01_Ac_Register">
        <test-method is-config="true" signature="setUpBrowser()[pri:0, instance:testCases.TC_01_Ac_Register@6fdbe764]" started-at="2023-06-28T10:39:31 IST" name="setUpBrowser" finished-at="2023-06-28T10:39:40 IST" duration-ms="8769" status="PASS">
          <reporter-output>
          </reporter-output>
        </test-method> <!-- setUpBrowser -->
        <test-method signature="testRegister()[pri:0, instance:testCases.TC_01_Ac_Register@6fdbe764]" started-at="2023-06-28T10:39:40 IST" name="testRegister" finished-at="2023-06-28T10:40:00 IST" duration-ms="20383" status="PASS">
          <reporter-output>
          </reporter-output>
        </test-method> <!-- testRegister -->
        <test-method is-config="true" signature="quit()[pri:0, instance:testCases.TC_01_Ac_Register@6fdbe764]" started-at="2023-06-28T10:40:02 IST" name="quit" finished-at="2023-06-28T10:40:02 IST" duration-ms="0" status="PASS">
          <reporter-output>
          </reporter-output>
        </test-method> <!-- quit -->
      </class> <!-- testCases.TC_01_Ac_Register -->
    </test> <!-- Test -->
  </suite> <!-- Suite -->
</testng-results>
